02:14:21    0 ****************************************************
02:14:21    0 ** Dragonfly version 4.20 **
02:14:21    0 ** Game engine started **
02:14:21    0 ****************************************************
02:14:21    0 Fruit Ninjas (v1.0)
02:14:21    0 Server::Server(): Server started. Need 2 players
02:14:27  162 Server::handleAccept(): Server connected to socket: 0
02:14:27  162 Server::handleAccept(): Set delay 9 ms for socket 0
02:14:27  170 Server::handleData(): PING sent to all clients.
02:14:28  186 Server::handleData(): PING sent to all clients.
02:14:29  216 Server::handleData(): PING sent to all clients.
02:14:29  231 Server::handleData(): PING sent to all clients.
02:14:30  246 Server::handleData(): PING sent to all clients.
02:14:30  261 Server::handleData(): PING sent to all clients.
02:14:30  276 Server::handleData(): PING sent to all clients.
02:14:31  291 Server::handleData(): PING sent to all clients.
02:14:31  306 Server::handleData(): PING sent to all clients.
02:14:32  321 Server::handleData(): PING sent to all clients.
02:14:32  336 Server::handleData(): PING sent to all clients.
02:14:33  351 Server::handleData(): PING sent to all clients.
02:14:33  366 Server::handleData(): PING sent to all clients.
02:14:34  381 Server::handleData(): PING sent to all clients.
02:14:34  396 Server::handleData(): PING sent to all clients.
02:14:35  411 Server::handleData(): PING sent to all clients.
02:14:35  426 Server::handleData(): PING sent to all clients.
02:14:36  441 Server::handleData(): PING sent to all clients.
02:14:36  456 Server::handleData(): PING sent to all clients.
02:14:37  471 Server::handleData(): PING sent to all clients.
02:14:37  486 Server::handleData(): PING sent to all clients.
02:14:38  501 Server::handleData(): PING sent to all clients.
02:14:38  516 Server::handleData(): PING sent to all clients.
02:14:39  526 Server::handleAccept(): Server connected to socket: 1
02:14:39  526 Server::handleAccept(): Set delay 9 ms for socket 1
02:14:39  529 Server::handleData(): PING sent to all clients.
02:14:39  531 Server::handleData(): PING sent to all clients.
02:14:39  544 Server::handleData(): PING sent to all clients.
02:14:39  546 Server::handleData(): PING sent to all clients.
02:14:40  559 Server::handleData(): PING sent to all clients.
02:14:40  561 Server::handleData(): PING sent to all clients.
02:14:40  574 Server::handleData(): PING sent to all clients.
02:14:40  576 Server::handleData(): PING sent to all clients.
02:14:41  589 Server::handleData(): PING sent to all clients.
02:14:41  591 Server::handleData(): PING sent to all clients.
02:14:41  604 Server::handleData(): PING sent to all clients.
02:14:41  606 Server::handleData(): PING sent to all clients.
02:14:42  619 Server::handleData(): PING sent to all clients.
02:14:42  621 Server::handleData(): PING sent to all clients.
02:14:42  634 Server::handleData(): PING sent to all clients.
02:14:42  636 Server::handleData(): PING sent to all clients.
02:14:43  649 Server::handleData(): PING sent to all clients.
02:14:43  651 Server::handleData(): PING sent to all clients.
02:14:43  664 Server::handleData(): PING sent to all clients.
02:14:43  666 Server::handleData(): PING sent to all clients.
02:14:44  679 Server::handleData(): PING sent to all clients.
02:14:44  681 Server::handleData(): PING sent to all clients.
02:14:44  694 Server::handleData(): PING sent to all clients.
02:14:44  696 Server::handleData(): PING sent to all clients.
02:14:45  709 Server::handleData(): PING sent to all clients.
02:14:45  711 Server::handleData(): PING sent to all clients.
02:14:45  724 Server::handleData(): PING sent to all clients.
02:14:46  735 Server::handleData(): PING sent to all clients.
02:14:46  739 Server::handleData(): PING sent to all clients.
02:14:46  750 Server::handleData(): PING sent to all clients.
02:14:46  754 Server::handleData(): PING sent to all clients.
02:14:47  765 Server::handleData(): PING sent to all clients.
02:14:47  769 Server::handleData(): PING sent to all clients.
02:14:47  780 Server::handleData(): PING sent to all clients.
02:14:47  784 Server::handleData(): PING sent to all clients.
02:14:48  796 Server::handleData(): PING sent to all clients.
02:14:48  801 Server::handleData(): PING sent to all clients.
02:14:48  813 Server::handleData(): PING sent to all clients.
02:14:48  817 Server::handleData(): PING sent to all clients.
02:14:49  828 Server::handleData(): PING sent to all clients.
02:14:49  832 Server::handleData(): PING sent to all clients.
02:14:49  843 Server::handleData(): PING sent to all clients.
02:14:49  847 Server::handleData(): PING sent to all clients.
02:14:50  858 Server::handleData(): PING sent to all clients.
02:14:50  862 Server::handleData(): PING sent to all clients.
02:14:50  873 Server::handleData(): PING sent to all clients.
02:14:50  877 Server::handleData(): PING sent to all clients.
02:14:51  888 Server::handleData(): PING sent to all clients.
02:14:51  892 Server::handleData(): PING sent to all clients.
02:14:51  903 Server::handleData(): PING sent to all clients.
02:14:51  907 Server::handleData(): PING sent to all clients.
02:14:52  918 Server::handleData(): PING sent to all clients.
02:14:52  922 Server::handleData(): PING sent to all clients.
02:14:52  933 Server::handleData(): PING sent to all clients.
02:14:52  937 Server::handleData(): PING sent to all clients.
02:14:53  948 Server::handleData(): PING sent to all clients.
02:14:53  952 Server::handleData(): PING sent to all clients.
02:14:53  963 Server::handleData(): PING sent to all clients.
02:14:53  967 Server::handleData(): PING sent to all clients.
02:14:54  978 Server::handleData(): PING sent to all clients.
02:14:54  982 Server::handleData(): PING sent to all clients.
02:14:54  993 Server::handleData(): PING sent to all clients.
02:14:54  997 Server::handleData(): PING sent to all clients.
02:14:55 1008 Server::handleData(): PING sent to all clients.
02:14:55 1012 Server::handleData(): PING sent to all clients.
02:14:55 1023 Server::handleData(): PING sent to all clients.
02:14:55 1027 Server::handleData(): PING sent to all clients.
02:14:56 1038 Server::handleData(): PING sent to all clients.
02:14:56 1042 Server::handleData(): PING sent to all clients.
02:14:56 1053 Server::handleData(): PING sent to all clients.
02:14:56 1057 Server::handleData(): PING sent to all clients.
02:14:57 1068 Server::handleData(): PING sent to all clients.
02:14:57 1072 Server::handleData(): PING sent to all clients.
02:14:57 1083 Server::handleData(): PING sent to all clients.
02:14:57 1087 Server::handleData(): PING sent to all clients.
02:14:58 1098 Server::handleData(): PING sent to all clients.
02:14:58 1102 Server::handleData(): PING sent to all clients.
02:14:58 1113 Server::handleData(): PING sent to all clients.
02:14:58 1117 Server::handleData(): PING sent to all clients.
02:14:59 1128 Server::handleData(): PING sent to all clients.
02:14:59 1132 Server::handleData(): PING sent to all clients.
02:14:59 1143 Server::handleData(): PING sent to all clients.
02:14:59 1147 Server::handleData(): PING sent to all clients.
02:15:00 1158 Server::handleData(): PING sent to all clients.
02:15:00 1162 Server::handleData(): PING sent to all clients.
02:15:00 1173 Server::handleData(): PING sent to all clients.
02:15:00 1177 Server::handleData(): PING sent to all clients.
02:15:01 1188 Server::handleData(): PING sent to all clients.
02:15:01 1192 Server::handleData(): PING sent to all clients.
02:15:01 1203 Server::handleData(): PING sent to all clients.
02:15:01 1207 Server::handleData(): PING sent to all clients.
02:15:02 1218 Server::handleData(): PING sent to all clients.
02:15:02 1222 Server::handleData(): PING sent to all clients.
02:15:02 1233 Server::handleData(): PING sent to all clients.
02:15:02 1237 Server::handleData(): PING sent to all clients.
02:15:03 1248 Server::handleData(): PING sent to all clients.
02:15:03 1252 Server::handleData(): PING sent to all clients.
02:15:03 1263 Server::handleData(): PING sent to all clients.
02:15:03 1267 Server::handleData(): PING sent to all clients.
02:15:04 1278 Server::handleData(): PING sent to all clients.
02:15:04 1282 Server::handleData(): PING sent to all clients.
02:15:04 1293 Server::handleData(): PING sent to all clients.
02:15:04 1297 Server::handleData(): PING sent to all clients.
02:15:05 1308 Server::handleData(): PING sent to all clients.
02:15:05 1312 Server::handleData(): PING sent to all clients.
02:15:05 1323 Server::handleData(): PING sent to all clients.
02:15:05 1327 Server::handleData(): PING sent to all clients.
02:15:06 1338 Server::handleData(): PING sent to all clients.
02:15:06 1342 Server::handleData(): PING sent to all clients.
02:15:06 1353 Server::handleData(): PING sent to all clients.
02:15:06 1357 Server::handleData(): PING sent to all clients.
02:15:07 1368 Server::handleData(): PING sent to all clients.
02:15:07 1372 Server::handleData(): PING sent to all clients.
02:15:07 1383 Server::handleData(): PING sent to all clients.
02:15:07 1387 Server::handleData(): PING sent to all clients.
02:15:08 1398 Server::handleData(): PING sent to all clients.
02:15:08 1402 Server::handleData(): PING sent to all clients.
02:15:08 1413 Server::handleData(): PING sent to all clients.
02:15:08 1417 Server::handleData(): PING sent to all clients.
02:15:09 1428 Server::handleData(): PING sent to all clients.
02:15:09 1432 Server::handleData(): PING sent to all clients.
02:15:09 1443 Server::handleData(): PING sent to all clients.
02:15:09 1448 Server::handleData(): PING sent to all clients.
02:15:10 1458 Server::handleData(): PING sent to all clients.
02:15:10 1462 Server::handleData(): PING sent to all clients.
02:15:10 1473 Server::handleData(): PING sent to all clients.
02:15:10 1478 Server::handleData(): PING sent to all clients.
02:15:10 1488 Server::handleData(): PING sent to all clients.
02:15:11 1492 Server::handleData(): PING sent to all clients.
02:15:11 1504 Server::handleData(): PING sent to all clients.
02:15:11 1507 Server::handleData(): PING sent to all clients.
02:15:12 1519 Server::handleData(): PING sent to all clients.
02:15:12 1522 Server::handleData(): PING sent to all clients.
02:15:12 1534 Server::handleData(): PING sent to all clients.
02:15:12 1538 Server::handleData(): PING sent to all clients.
02:15:13 1549 Server::handleData(): PING sent to all clients.
02:15:13 1552 Server::handleData(): PING sent to all clients.
02:15:13 1564 Server::handleData(): PING sent to all clients.
02:15:13 1567 Server::handleData(): PING sent to all clients.
02:15:13 1579 Server::handleData(): PING sent to all clients.
02:15:14 1583 Server::handleData(): PING sent to all clients.
02:15:14 1594 Server::handleData(): PING sent to all clients.
02:15:14 1597 Server::handleData(): PING sent to all clients.
02:15:14 1609 Server::handleData(): PING sent to all clients.
02:15:15 1612 Server::handleData(): PING sent to all clients.
02:15:15 1624 Server::handleData(): PING sent to all clients.
02:15:15 1627 Server::handleData(): PING sent to all clients.
02:15:15 1639 Server::handleData(): PING sent to all clients.
02:15:16 1643 Server::handleData(): PING sent to all clients.
02:15:16 1654 Server::handleData(): PING sent to all clients.
02:15:16 1657 Server::handleData(): PING sent to all clients.
02:15:16 1669 Server::handleData(): PING sent to all clients.
02:15:17 1673 Server::handleData(): PING sent to all clients.
02:15:17 1684 Server::handleData(): PING sent to all clients.
02:15:17 1687 Server::handleData(): PING sent to all clients.
02:15:17 1699 Server::handleData(): PING sent to all clients.
02:15:18 1703 Server::handleData(): PING sent to all clients.
02:15:18 1714 Server::handleData(): PING sent to all clients.
02:15:18 1718 Server::handleData(): PING sent to all clients.
02:15:18 1729 Server::handleData(): PING sent to all clients.
02:15:19 1733 Server::handleData(): PING sent to all clients.
02:15:19 1744 Server::handleData(): PING sent to all clients.
02:15:19 1747 Server::handleData(): PING sent to all clients.
02:15:19 1759 Server::handleData(): PING sent to all clients.
02:15:20 1762 Server::handleData(): PING sent to all clients.
02:15:20 1774 Server::handleData(): PING sent to all clients.
02:15:20 1777 Server::handleData(): PING sent to all clients.
02:15:20 1789 Server::handleData(): PING sent to all clients.
02:15:21 1793 Server::handleData(): PING sent to all clients.
02:15:21 1804 Server::handleData(): PING sent to all clients.
02:15:21 1808 Server::handleData(): PING sent to all clients.
02:15:21 1819 Server::handleData(): PING sent to all clients.
02:15:22 1823 Server::handleData(): PING sent to all clients.
02:15:22 1834 Server::handleData(): PING sent to all clients.
02:15:22 1838 Server::handleData(): PING sent to all clients.
02:15:22 1849 Server::handleData(): PING sent to all clients.
02:15:23 1852 Server::handleData(): PING sent to all clients.
02:15:23 1864 Server::handleData(): PING sent to all clients.
02:15:23 1868 Server::handleData(): PING sent to all clients.
02:15:23 1879 Server::handleData(): PING sent to all clients.
02:15:24 1883 Server::handleData(): PING sent to all clients.
02:15:24 1894 Server::handleData(): PING sent to all clients.
02:15:24 1897 Server::handleData(): PING sent to all clients.
02:15:24 1909 Server::handleData(): PING sent to all clients.
02:15:24 1912 Server::handleData(): PING sent to all clients.
02:15:25 1924 Server::handleData(): PING sent to all clients.
02:15:25 1928 Server::handleData(): PING sent to all clients.
02:15:25 1939 Server::handleData(): PING sent to all clients.
02:15:26 1944 Server::handleData(): PING sent to all clients.
02:15:26 1955 Server::handleData(): PING sent to all clients.
02:15:26 1959 Server::handleData(): PING sent to all clients.
02:15:26 1970 Server::handleData(): PING sent to all clients.
02:15:27 1974 Server::handleData(): PING sent to all clients.
02:15:27 1985 Server::handleData(): PING sent to all clients.
02:15:27 1989 Server::handleData(): PING sent to all clients.
02:15:27 2000 Server::handleData(): PING sent to all clients.
02:15:28 2004 Server::handleData(): PING sent to all clients.
02:15:28 2015 Server::handleData(): PING sent to all clients.
02:15:28 2019 Server::handleData(): PING sent to all clients.
02:15:28 2030 Server::handleData(): PING sent to all clients.
02:15:29 2034 Server::handleData(): PING sent to all clients.
02:15:29 2045 Server::handleData(): PING sent to all clients.
02:15:29 2049 Server::handleData(): PING sent to all clients.
02:15:29 2060 Server::handleData(): PING sent to all clients.
02:15:30 2064 Server::handleData(): PING sent to all clients.
02:15:30 2075 Server::handleData(): PING sent to all clients.
02:15:30 2079 Server::handleData(): PING sent to all clients.
02:15:30 2090 Server::handleData(): PING sent to all clients.
02:15:30 2094 Server::handleData(): PING sent to all clients.
02:15:31 2105 Server::handleData(): PING sent to all clients.
02:15:31 2109 Server::handleData(): PING sent to all clients.
02:15:31 2120 Server::handleData(): PING sent to all clients.
02:15:31 2124 Server::handleData(): PING sent to all clients.
02:15:32 2135 Server::handleData(): PING sent to all clients.
02:15:32 2139 Server::handleData(): PING sent to all clients.
02:15:32 2150 Server::handleData(): PING sent to all clients.
02:15:32 2154 Server::handleData(): PING sent to all clients.
02:15:33 2165 Server::handleData(): PING sent to all clients.
02:15:33 2169 Server::handleData(): PING sent to all clients.
02:15:33 2180 Server::handleData(): PING sent to all clients.
02:15:33 2184 Server::handleData(): PING sent to all clients.
02:15:34 2195 Server::handleData(): PING sent to all clients.
02:15:34 2199 Server::handleData(): PING sent to all clients.
02:15:34 2210 Server::handleData(): PING sent to all clients.
02:15:34 2212 ****************************************************
02:15:34 2212 ** Game engine stopped **
