c:\users\maido\visual studio 2022\projects\project3 solution\vs-2022-fruit-client\fruit-client\x64\debug\vc143.pdb
c:\users\maido\visual studio 2022\projects\project3 solution\vs-2022-fruit-client\fruit-client\x64\debug\vc143.idb
c:\users\maido\visual studio 2022\projects\project3 solution\vs-2022-fruit-client\fruit-client\x64\debug\util.obj
c:\users\maido\visual studio 2022\projects\project3 solution\vs-2022-fruit-client\fruit-client\x64\debug\timer.obj
c:\users\maido\visual studio 2022\projects\project3 solution\vs-2022-fruit-client\fruit-client\x64\debug\sword.obj
c:\users\maido\visual studio 2022\projects\project3 solution\vs-2022-fruit-client\fruit-client\x64\debug\splash.obj
c:\users\maido\visual studio 2022\projects\project3 solution\vs-2022-fruit-client\fruit-client\x64\debug\serverentry.obj
c:\users\maido\visual studio 2022\projects\project3 solution\vs-2022-fruit-client\fruit-client\x64\debug\client.obj
c:\users\maido\visual studio 2022\projects\project3 solution\vs-2022-fruit-client\fruit-client\x64\debug\points.obj
c:\users\maido\visual studio 2022\projects\project3 solution\vs-2022-fruit-client\fruit-client\x64\debug\pingevent.obj
c:\users\maido\visual studio 2022\projects\project3 solution\vs-2022-fruit-client\fruit-client\x64\debug\ping.obj
c:\users\maido\visual studio 2022\projects\project3 solution\vs-2022-fruit-client\fruit-client\x64\debug\kudos.obj
c:\users\maido\visual studio 2022\projects\project3 solution\vs-2022-fruit-client\fruit-client\x64\debug\grocer.obj
c:\users\maido\visual studio 2022\projects\project3 solution\vs-2022-fruit-client\fruit-client\x64\debug\gameover.obj
c:\users\maido\visual studio 2022\projects\project3 solution\vs-2022-fruit-client\fruit-client\x64\debug\fruit.obj
c:\users\maido\visual studio 2022\projects\project3 solution\vs-2022-fruit-client\fruit-client\x64\debug\fruit-client.obj
c:\users\maido\visual studio 2022\projects\project3 solution\vs-2022-fruit-client\x64\debug\fruit-client.exe
c:\users\maido\visual studio 2022\projects\project3 solution\vs-2022-fruit-client\x64\debug\fruit-client.pdb
c:\users\maido\visual studio 2022\projects\project3 solution\vs-2022-fruit-client\fruit-client\x64\debug\fruit-client.ilk
c:\users\maido\visual studio 2022\projects\project3 solution\vs-2022-fruit-client\fruit-client\x64\debug\fruit-client.tlog\cl.command.1.tlog
c:\users\maido\visual studio 2022\projects\project3 solution\vs-2022-fruit-client\fruit-client\x64\debug\fruit-client.tlog\cl.items.tlog
c:\users\maido\visual studio 2022\projects\project3 solution\vs-2022-fruit-client\fruit-client\x64\debug\fruit-client.tlog\cl.read.1.tlog
c:\users\maido\visual studio 2022\projects\project3 solution\vs-2022-fruit-client\fruit-client\x64\debug\fruit-client.tlog\cl.write.1.tlog
c:\users\maido\visual studio 2022\projects\project3 solution\vs-2022-fruit-client\fruit-client\x64\debug\fruit-client.tlog\link.command.1.tlog
c:\users\maido\visual studio 2022\projects\project3 solution\vs-2022-fruit-client\fruit-client\x64\debug\fruit-client.tlog\link.read.1.tlog
c:\users\maido\visual studio 2022\projects\project3 solution\vs-2022-fruit-client\fruit-client\x64\debug\fruit-client.tlog\link.secondary.1.tlog
c:\users\maido\visual studio 2022\projects\project3 solution\vs-2022-fruit-client\fruit-client\x64\debug\fruit-client.tlog\link.write.1.tlog
